diff --git a/script/deploy b/script/deploy
index c5b4c11..11cad7a 100755
--- a/script/deploy
+++ b/script/deploy
@@ -28,6 +28,7 @@ RAILS_ROOT = File.expand_path "../../", __FILE__
 
 LOG_FILE = "#{RAILS_ROOT}/deploy.log"
 DEPLOY_FILE = "#{RAILS_ROOT}/deploys.md"
+APPS = ["hotplate"]
 
 class Deploy < Thor
   include Thor::Actions
@@ -145,7 +146,7 @@ class Deploy < Thor
     true
   end
 
-  desc "commit", "Commits files neede to deploy" 
+  desc "commit", "Commits files needed to deploy" 
   def commit
     inside RAILS_ROOT do
       run! "git add #{DEPLOY_FILE}"
@@ -175,8 +176,8 @@ class Deploy < Thor
     say "Running predeploy tasks..."
 
     begin
-      invoke :record
-      invoke :commit
+      #invoke :record
+      #invoke :commit
     rescue CommandFailed => ex
       abort_deploy "A deploy step failed to run: #{ex}"
 
@@ -196,8 +197,10 @@ class Deploy < Thor
         run! "git push origin master"
         say_status "Github", "Pushed"
 
-        run! "git push heroku master"
-        say_status "Heorku", "Deployed"
+        APPS.each do |app_to_deploy|
+          run! "git push git@heroku.com:#{app_to_deploy}.git master"
+          status "#{app_to_deploy}", "Deployed"
+        end
       end
     rescue CommandFailed => ex
       abort_deploy "Push failed. Please check logs."
